F:\QTPROJECT\LOGCLIENT\WIN32\DEBUG\MAIN.OBJ
F:\QTPROJECT\LOGCLIENT\WIN32\DEBUG\LOGCLIENT.OBJ
F:\QTPROJECT\LOGCLIENT\WIN32\DEBUG\MOC_DIALOG.OBJ
F:\QTPROJECT\LOGCLIENT\WIN32\DEBUG\DIALOG.OBJ
F:\QTPROJECT\LOGCLIENT\WIN32\DEBUG\VC110.PDB
F:\QTPROJECT\LOGCLIENT\GENERATEDFILES\DEBUG\MOC_DIALOG.CPP
F:\QTPROJECT\LOGCLIENT\GENERATEDFILES\UI_DIALOG.H
F:\QTPROJECT\LOGCLIENT\DEBUG\LOGCLIENT.ILK
F:\QTPROJECT\LOGCLIENT\DEBUG\LOGCLIENT.EXE
F:\QTPROJECT\LOGCLIENT\DEBUG\LOGCLIENT.PDB
F:\QtProject\LogClient\Win32\Debug\dialog.obj
F:\QtProject\LogClient\Win32\Debug\logclient.obj
F:\QtProject\LogClient\Win32\Debug\main.obj
F:\QtProject\LogClient\Win32\Debug\moc_dialog.obj
F:\QtProject\LogClient\Win32\Debug\cl.command.1.tlog
F:\QtProject\LogClient\Win32\Debug\CL.read.1.tlog
F:\QtProject\LogClient\Win32\Debug\CL.write.1.tlog
F:\QtProject\LogClient\Win32\Debug\custombuild.command.1.tlog
F:\QtProject\LogClient\Win32\Debug\custombuild.read.1.tlog
F:\QtProject\LogClient\Win32\Debug\custombuild.write.1.tlog
F:\QtProject\LogClient\Win32\Debug\link-cvtres.read.1.tlog
F:\QtProject\LogClient\Win32\Debug\link-cvtres.write.1.tlog
F:\QtProject\LogClient\Win32\Debug\link-rc.read.1.tlog
F:\QtProject\LogClient\Win32\Debug\link-rc.write.1.tlog
F:\QtProject\LogClient\Win32\Debug\link.command.1.tlog
F:\QtProject\LogClient\Win32\Debug\link.read.1.tlog
F:\QtProject\LogClient\Win32\Debug\link.write.1.tlog
F:\QtProject\LogClient\Win32\Debug\vc110.pdb
F:\QtProject\LogClient\debug\LogClient.exe
